<?xml version="1.0" encoding="UTF-8"?>
<!-- Generated by org.testng.reporters.JUnitReportReporter -->
<testsuite hostname="LAPTOP-GAUPM6CM" failures="0" tests="2" name="apitestswithbdd.ContactsAPITests2" time="5.254" errors="0" timestamp="2025-10-29T21:09:04 IST" skipped="0">
  <testcase classname="apitestswithbdd.ContactsAPITests2" name="getContactsAPITest" time="2.303"/>
  <testcase classname="apitestswithbdd.ContactsAPITests2" name="getContactsAPIAuthErroTest" time="2.951"/>
</testsuite> <!-- apitestswithbdd.ContactsAPITests2 -->
