<?xml version="1.0" encoding="UTF-8"?>
<!-- Generated by org.testng.reporters.JUnitReportReporter -->
<testsuite hostname="LAPTOP-GAUPM6CM" failures="0" tests="2" name="GoRestAPITest" time="3.639" errors="0" timestamp="2025-10-29T19:31:16 IST" skipped="0">
  <testcase classname="GoRestAPITest" name="getAllUsersTest" time="2.323"/>
  <testcase classname="GoRestAPITest" name="getSingleUserTest" time="1.316"/>
</testsuite> <!-- GoRestAPITest -->
