<?xml version="1.0" encoding="UTF-8"?>
<!-- Generated by org.testng.reporters.JUnitReportReporter -->
<testsuite hostname="LAPTOP-GAUPM6CM" failures="0" tests="3" name="ContactsAPIsTest" time="7.363" errors="0" timestamp="2025-10-29T19:23:57 IST" skipped="0">
  <testcase classname="ContactsAPIsTest" name="getContactsAPITest" time="3.129"/>
  <testcase classname="ContactsAPIsTest" name="getContactsAPIAuthErrorTest" time="1.982"/>
  <testcase classname="ContactsAPIsTest" name="getContactsAPIInvalidTokenTest" time="2.252"/>
</testsuite> <!-- ContactsAPIsTest -->
