<?xml version="1.0" encoding="UTF-8"?>
<!-- Generated by org.testng.reporters.JUnitReportReporter -->
<testsuite hostname="LAPTOP-GAUPM6CM" failures="0" tests="1" name="apitestswithnonbdd.ContactsAPITests" time="3.077" errors="0" timestamp="2025-10-30T20:19:12 IST" skipped="0">
  <testcase classname="apitestswithnonbdd.ContactsAPITests" name="getContactsTests" time="3.077"/>
</testsuite> <!-- apitestswithnonbdd.ContactsAPITests -->
