<?xml version="1.0" encoding="UTF-8"?>
<!-- Generated by org.testng.reporters.JUnitReportReporter -->
<testsuite hostname="LAPTOP-GAUPM6CM" failures="0" tests="2" name="apitestswithbdd.ContactsAPITests" time="5.425" errors="0" timestamp="2025-10-29T20:46:18 IST" skipped="0">
  <testcase classname="apitestswithbdd.ContactsAPITests" name="getContactsAPIAuthErroTest" time="3.674"/>
  <testcase classname="apitestswithbdd.ContactsAPITests" name="getContactsAPITest" time="1.751"/>
</testsuite> <!-- apitestswithbdd.ContactsAPITests -->
