<?xml version="1.0" encoding="UTF-8"?>
<!-- Generated by org.testng.reporters.JUnitReportReporter -->
<testsuite hostname="LAPTOP-GAUPM6CM" failures="0" tests="2" name="apitestswithnonbdd.GoRestAPITests" time="1.772" errors="0" timestamp="2025-10-30T21:00:00 IST" skipped="1">
  <testcase classname="apitestswithnonbdd.GoRestAPITests" name="getAllUsersWithQueryParam" time="1.772"/>
  <testcase classname="apitestswithnonbdd.GoRestAPITests" name="getAllUsersWithQueryParamAsMap">
    <skipped/>
  </testcase> <!-- getAllUsersWithQueryParamAsMap -->
</testsuite> <!-- apitestswithnonbdd.GoRestAPITests -->
